2005.12.23 13:23 B C:\userdata\per\res\R_package\bayesm\v204\bayesm\R\breg.R --> gsbwww.chicagogsb.edu /opt/ns-home/docs/fac/peter.rossi/research/bayes book/bayesm/function code breg.R
2005.12.23 13:23 B C:\userdata\per\res\R_package\bayesm\v204\bayesm\R\cgetC.R --> gsbwww.chicagogsb.edu /opt/ns-home/docs/fac/peter.rossi/research/bayes book/bayesm/function code cgetC.R
2005.12.23 13:23 B C:\userdata\per\res\R_package\bayesm\v204\bayesm\R\clusterMix.R --> gsbwww.chicagogsb.edu /opt/ns-home/docs/fac/peter.rossi/research/bayes book/bayesm/function code clusterMix.R
2005.12.23 13:23 B C:\userdata\per\res\R_package\bayesm\v204\bayesm\R\condMom.R --> gsbwww.chicagogsb.edu /opt/ns-home/docs/fac/peter.rossi/research/bayes book/bayesm/function code condMom.R
2005.12.23 13:23 B C:\userdata\per\res\R_package\bayesm\v204\bayesm\R\createX.R --> gsbwww.chicagogsb.edu /opt/ns-home/docs/fac/peter.rossi/research/bayes book/bayesm/function code createX.R
2005.12.23 13:23 B C:\userdata\per\res\R_package\bayesm\v204\bayesm\R\eMixMargDen.R --> gsbwww.chicagogsb.edu /opt/ns-home/docs/fac/peter.rossi/research/bayes book/bayesm/function code eMixMargDen.R
2005.12.23 13:23 B C:\userdata\per\res\R_package\bayesm\v204\bayesm\R\fsh.R --> gsbwww.chicagogsb.edu /opt/ns-home/docs/fac/peter.rossi/research/bayes book/bayesm/function code fsh.R
2005.12.23 13:23 B C:\userdata\per\res\R_package\bayesm\v204\bayesm\R\ghkvec.R --> gsbwww.chicagogsb.edu /opt/ns-home/docs/fac/peter.rossi/research/bayes book/bayesm/function code ghkvec.R
2005.12.23 13:23 B C:\userdata\per\res\R_package\bayesm\v204\bayesm\R\init.rmultiregfp.R --> gsbwww.chicagogsb.edu /opt/ns-home/docs/fac/peter.rossi/research/bayes book/bayesm/function code init.rmultiregfp.R
2005.12.23 13:23 B C:\userdata\per\res\R_package\bayesm\v204\bayesm\R\llmnl.R --> gsbwww.chicagogsb.edu /opt/ns-home/docs/fac/peter.rossi/research/bayes book/bayesm/function code llmnl.R
2005.12.23 13:23 B C:\userdata\per\res\R_package\bayesm\v204\bayesm\R\llmnp.R --> gsbwww.chicagogsb.edu /opt/ns-home/docs/fac/peter.rossi/research/bayes book/bayesm/function code llmnp.R
2005.12.23 13:23 B C:\userdata\per\res\R_package\bayesm\v204\bayesm\R\llnhlogit.R --> gsbwww.chicagogsb.edu /opt/ns-home/docs/fac/peter.rossi/research/bayes book/bayesm/function code llnhlogit.R
2005.12.23 13:23 B C:\userdata\per\res\R_package\bayesm\v204\bayesm\R\lndIChisq.R --> gsbwww.chicagogsb.edu /opt/ns-home/docs/fac/peter.rossi/research/bayes book/bayesm/function code lndIChisq.R
2005.12.23 13:23 B C:\userdata\per\res\R_package\bayesm\v204\bayesm\R\lndIWishart.R --> gsbwww.chicagogsb.edu /opt/ns-home/docs/fac/peter.rossi/research/bayes book/bayesm/function code lndIWishart.R
2005.12.23 13:23 B C:\userdata\per\res\R_package\bayesm\v204\bayesm\R\lndMvn.R --> gsbwww.chicagogsb.edu /opt/ns-home/docs/fac/peter.rossi/research/bayes book/bayesm/function code lndMvn.R
2005.12.23 13:23 B C:\userdata\per\res\R_package\bayesm\v204\bayesm\R\lndMvst.R --> gsbwww.chicagogsb.edu /opt/ns-home/docs/fac/peter.rossi/research/bayes book/bayesm/function code lndMvst.R
2005.12.23 13:23 B C:\userdata\per\res\R_package\bayesm\v204\bayesm\R\logMargDenNR.R --> gsbwww.chicagogsb.edu /opt/ns-home/docs/fac/peter.rossi/research/bayes book/bayesm/function code logMargDenNR.R
2005.12.23 13:23 B C:\userdata\per\res\R_package\bayesm\v204\bayesm\R\mixDen.R --> gsbwww.chicagogsb.edu /opt/ns-home/docs/fac/peter.rossi/research/bayes book/bayesm/function code mixDen.R
2005.12.23 13:23 B C:\userdata\per\res\R_package\bayesm\v204\bayesm\R\mixDenBi.R --> gsbwww.chicagogsb.edu /opt/ns-home/docs/fac/peter.rossi/research/bayes book/bayesm/function code mixDenBi.R
2005.12.23 13:23 B C:\userdata\per\res\R_package\bayesm\v204\bayesm\R\mnlHess.R --> gsbwww.chicagogsb.edu /opt/ns-home/docs/fac/peter.rossi/research/bayes book/bayesm/function code mnlHess.R
2005.12.23 13:23 B C:\userdata\per\res\R_package\bayesm\v204\bayesm\R\mnpProb.R --> gsbwww.chicagogsb.edu /opt/ns-home/docs/fac/peter.rossi/research/bayes book/bayesm/function code mnpProb.R
2005.12.23 13:23 B C:\userdata\per\res\R_package\bayesm\v204\bayesm\R\momMix.R --> gsbwww.chicagogsb.edu /opt/ns-home/docs/fac/peter.rossi/research/bayes book/bayesm/function code momMix.R
2005.12.23 13:23 B C:\userdata\per\res\R_package\bayesm\v204\bayesm\R\nmat.R --> gsbwww.chicagogsb.edu /opt/ns-home/docs/fac/peter.rossi/research/bayes book/bayesm/function code nmat.R
2005.12.23 13:23 B C:\userdata\per\res\R_package\bayesm\v204\bayesm\R\numEff.R --> gsbwww.chicagogsb.edu /opt/ns-home/docs/fac/peter.rossi/research/bayes book/bayesm/function code numEff.R
2005.12.23 13:23 B C:\userdata\per\res\R_package\bayesm\v204\bayesm\R\rbiNormGibbs.R --> gsbwww.chicagogsb.edu /opt/ns-home/docs/fac/peter.rossi/research/bayes book/bayesm/function code rbiNormGibbs.R
2005.12.23 13:23 B C:\userdata\per\res\R_package\bayesm\v204\bayesm\R\rbprobitGibbs.R --> gsbwww.chicagogsb.edu /opt/ns-home/docs/fac/peter.rossi/research/bayes book/bayesm/function code rbprobitGibbs.R
2005.12.23 13:23 B C:\userdata\per\res\R_package\bayesm\v204\bayesm\R\rdirichlet.R --> gsbwww.chicagogsb.edu /opt/ns-home/docs/fac/peter.rossi/research/bayes book/bayesm/function code rdirichlet.R
2005.12.23 13:23 B C:\userdata\per\res\R_package\bayesm\v204\bayesm\R\rhierBinLogit.R --> gsbwww.chicagogsb.edu /opt/ns-home/docs/fac/peter.rossi/research/bayes book/bayesm/function code rhierBinLogit.R
2005.12.23 13:23 B C:\userdata\per\res\R_package\bayesm\v204\bayesm\R\rhierLinearModel.R --> gsbwww.chicagogsb.edu /opt/ns-home/docs/fac/peter.rossi/research/bayes book/bayesm/function code rhierLinearModel.R
2005.12.23 13:23 B C:\userdata\per\res\R_package\bayesm\v204\bayesm\R\rhierMnlRwMixture.R --> gsbwww.chicagogsb.edu /opt/ns-home/docs/fac/peter.rossi/research/bayes book/bayesm/function code rhierMnlRwMixture.R
2005.12.23 13:23 B C:\userdata\per\res\R_package\bayesm\v204\bayesm\R\rhierNegbinRw.R --> gsbwww.chicagogsb.edu /opt/ns-home/docs/fac/peter.rossi/research/bayes book/bayesm/function code rhierNegbinRw.R
2005.12.23 13:23 B C:\userdata\per\res\R_package\bayesm\v204\bayesm\R\rivGibbs.R --> gsbwww.chicagogsb.edu /opt/ns-home/docs/fac/peter.rossi/research/bayes book/bayesm/function code rivGibbs.R
2005.12.23 13:23 B C:\userdata\per\res\R_package\bayesm\v204\bayesm\R\rmixGibbs.R --> gsbwww.chicagogsb.edu /opt/ns-home/docs/fac/peter.rossi/research/bayes book/bayesm/function code rmixGibbs.R
2005.12.23 13:23 B C:\userdata\per\res\R_package\bayesm\v204\bayesm\R\rmixture.R --> gsbwww.chicagogsb.edu /opt/ns-home/docs/fac/peter.rossi/research/bayes book/bayesm/function code rmixture.R
2005.12.23 13:23 B C:\userdata\per\res\R_package\bayesm\v204\bayesm\R\rmnlIndepMetrop.R --> gsbwww.chicagogsb.edu /opt/ns-home/docs/fac/peter.rossi/research/bayes book/bayesm/function code rmnlIndepMetrop.R
2005.12.23 13:23 B C:\userdata\per\res\R_package\bayesm\v204\bayesm\R\rmnpGibbs.R --> gsbwww.chicagogsb.edu /opt/ns-home/docs/fac/peter.rossi/research/bayes book/bayesm/function code rmnpGibbs.R
2005.12.23 13:23 B C:\userdata\per\res\R_package\bayesm\v204\bayesm\R\rmultireg.R --> gsbwww.chicagogsb.edu /opt/ns-home/docs/fac/peter.rossi/research/bayes book/bayesm/function code rmultireg.R
2005.12.23 13:23 B C:\userdata\per\res\R_package\bayesm\v204\bayesm\R\rmultiregfp.R --> gsbwww.chicagogsb.edu /opt/ns-home/docs/fac/peter.rossi/research/bayes book/bayesm/function code rmultiregfp.R
2005.12.23 13:23 B C:\userdata\per\res\R_package\bayesm\v204\bayesm\R\rmvpGibbs.R --> gsbwww.chicagogsb.edu /opt/ns-home/docs/fac/peter.rossi/research/bayes book/bayesm/function code rmvpGibbs.R
2005.12.23 13:23 B C:\userdata\per\res\R_package\bayesm\v204\bayesm\R\rmvst.R --> gsbwww.chicagogsb.edu /opt/ns-home/docs/fac/peter.rossi/research/bayes book/bayesm/function code rmvst.R
2005.12.23 13:23 B C:\userdata\per\res\R_package\bayesm\v204\bayesm\R\rnegbinRw.R --> gsbwww.chicagogsb.edu /opt/ns-home/docs/fac/peter.rossi/research/bayes book/bayesm/function code rnegbinRw.R
2005.12.23 13:23 B C:\userdata\per\res\R_package\bayesm\v204\bayesm\R\rnmixGibbs.R --> gsbwww.chicagogsb.edu /opt/ns-home/docs/fac/peter.rossi/research/bayes book/bayesm/function code rnmixGibbs.R
2005.12.23 13:23 B C:\userdata\per\res\R_package\bayesm\v204\bayesm\R\rscaleUsage.R --> gsbwww.chicagogsb.edu /opt/ns-home/docs/fac/peter.rossi/research/bayes book/bayesm/function code rscaleUsage.R
2005.12.23 13:23 B C:\userdata\per\res\R_package\bayesm\v204\bayesm\R\rsurGibbs.R --> gsbwww.chicagogsb.edu /opt/ns-home/docs/fac/peter.rossi/research/bayes book/bayesm/function code rsurGibbs.R
2005.12.23 13:23 B C:\userdata\per\res\R_package\bayesm\v204\bayesm\R\rtrun.R --> gsbwww.chicagogsb.edu /opt/ns-home/docs/fac/peter.rossi/research/bayes book/bayesm/function code rtrun.R
2005.12.23 13:23 B C:\userdata\per\res\R_package\bayesm\v204\bayesm\R\runireg.R --> gsbwww.chicagogsb.edu /opt/ns-home/docs/fac/peter.rossi/research/bayes book/bayesm/function code runireg.R
2005.12.23 13:23 B C:\userdata\per\res\R_package\bayesm\v204\bayesm\R\runiregGibbs.R --> gsbwww.chicagogsb.edu /opt/ns-home/docs/fac/peter.rossi/research/bayes book/bayesm/function code runiregGibbs.R
2005.12.23 13:23 B C:\userdata\per\res\R_package\bayesm\v204\bayesm\R\rwishart.R --> gsbwww.chicagogsb.edu /opt/ns-home/docs/fac/peter.rossi/research/bayes book/bayesm/function code rwishart.R
2005.12.23 13:23 B C:\userdata\per\res\R_package\bayesm\v204\bayesm\R\simmnl.R --> gsbwww.chicagogsb.edu /opt/ns-home/docs/fac/peter.rossi/research/bayes book/bayesm/function code simmnl.R
2005.12.23 13:23 B C:\userdata\per\res\R_package\bayesm\v204\bayesm\R\simmnlwX.R --> gsbwww.chicagogsb.edu /opt/ns-home/docs/fac/peter.rossi/research/bayes book/bayesm/function code simmnlwX.R
2005.12.23 13:23 B C:\userdata\per\res\R_package\bayesm\v204\bayesm\R\simmnp.R --> gsbwww.chicagogsb.edu /opt/ns-home/docs/fac/peter.rossi/research/bayes book/bayesm/function code simmnp.R
2005.12.23 13:23 B C:\userdata\per\res\R_package\bayesm\v204\bayesm\R\simmvp.R --> gsbwww.chicagogsb.edu /opt/ns-home/docs/fac/peter.rossi/research/bayes book/bayesm/function code simmvp.R
2005.12.23 13:23 B C:\userdata\per\res\R_package\bayesm\v204\bayesm\R\simnhlogit.R --> gsbwww.chicagogsb.edu /opt/ns-home/docs/fac/peter.rossi/research/bayes book/bayesm/function code simnhlogit.R
